consensus           	DQVHLLECAWLEILLIKL-

ERB1_CARAU/332-524  	DQVHLLECCWLEVLMLGL-
ERB2_CARAU/342-534  	DQVHLLECCWLDILMLGL-
ERR3_HUMAN/273-453  	DQMSLLQSAWMEILIL---
ESR1_ANOCA/105-297  	DQVHLLECAWLEILMVGLV
ESR1_BOVIN/1-174    	DQVHLLECAWLEILMIGL-
ESR1_BRARE/319-511  	DQVQLLESSWLEVLMIGL-
ESR1_CHICK/345-537  	DQVHLLECAWLEILMIGLV
ESR1_CNEUN/136-307  	DQVHLLECAWLEILMIGL-
ESR1_HORSE/351-542  	DQVHLLECAWLEILMIGLV
ESR1_HUMAN/351-543  	DQVHLLECAWLEILMIGLV
ESR1_ICTPU/356-548  	DQVQLLESSWLEILMIGL-
ESR1_MESAU/351-543  	DQVHLLECAWLEILMIGL-
ESR1_MICUN/250-442  	DQVQLLESSWLEVLMIGL-
ESR1_MOUSE/355-547  	DQVHLLECAWLEILMIGLV
ESR1_ONCMY/364-556  	DQVQLLESSWLEVLMIGL-
ESR1_OREAU/306-497  	DQVLLLESSWLEVLMIGL-
ESR1_ORENI/307-499  	DQVLLLESSWLEVLMIGL-
ESR1_ORYLA/355-547  	DQVLLLESSWLEVLMIGL-
ESR1_PAGMA/313-505  	DQVQLLESSWLEVLMIGL-
ESR1_PIG/351-543    	DQVHLLECAWLEILMIGLV
ESR1_POEGU/343-535  	DQVHLLECAWLEILMIGLV
ESR1_RAT/356-548    	DQVHLLECAWLEILMIGLV
ESR1_SALSA/277-469  	DQVQLLESSWLEVLMIGL-
ESR1_SPAAU/311-503  	DQVQLLESSWLEVLMIGL-
ESR1_XENLA/343-535  	DQVHLLECAWLEILMVGL-
ESR2_ANGJA/331-523  	DQVHLLECCWLEVLMLGL-
ESR2_BOVIN/300-491  	DQVRLLESCWLEVLMVGL-
ESR2_CALJA/303-494  	DQVRLLESCWLEVLMVGL-
ESR2_CHICK/256-445  	DQVRLLESCWMEVLMIGL-
ESR2_COTJA/256-445  	DQVRLLESCWLEVLMIGL-
ESR2_HUMAN/303-494  	DQVRLLESCWMEVLMMGL-
ESR2_ICTPU/330-522  	-QVQLLECCWLEVLMLGL-
ESR2_MACMU/66-257   	DQVRLLESCWMEVLMVGL-
ESR2_MICUN/356-548  	DQINLLKCCWLEILMLGL-
ESR2_MOUSE/303-494  	DQVRLLESCWMEVLMVGL-
ESR2_ONCMY/340-532  	DQVHLLECCWLEVLMLGL-
ESR2_ORENI/312-504  	DQVHLLECCWLEVLMIGL-
ESR2_PIG/300-490    	DQVRLLESCWLEVLMVGL-
ESR2_RAT/303-494    	DQVRLLESCWMEVLMVGL-
ESR2_SHEEP/300-491  	DQVRLLESCWLEVLMVGL-
ESR2_SPAAU/313-505  	DQVHLLECCWLEVLMIGL-
ESR2_STUVU/328-517  	DQVRLLESCWMEVLMIGL-
ESR3_MICUN/326-512  	DQVHLLECCWLEVLMVGL-
O17706/188-352      	---------------IKL-
O19009/1-116        	DQVHLLECAWLEILMICLV
O97895/95-136       	DQVILLRAGWNELLI----
Q6KF57/294-486      	DQIHLLKCCWLEILMLGL-
Q6KF58/271-463      	DQVHLLECCWLEVLMVGL-
Q6MZQ9/178-283      	DQVHLLECAWLEILMIGLV
Q6P274/257-437      	DQMSLLQSAWMEILIL---
Q6PK28/250-338      	DQMSLLQSAWMEILIL---
Q6QDA2/133-306      	DQVQLLESSWLEVLMIGL-
Q6QIS5/352-544      	DQVHLLECAWLEILMIGLV
Q6R006/125-169      	DQVHLLECCWLEVLMVGL-
Q6R7S4/338-530      	DQVHLLECCWLEVLMLGL-
Q6TGB3/307-499      	DQVLLLESSWLEVLMIGL-
Q6TS38/273-453      	DQMSLLQSAWMEILIL---
Q6UZD7/1-45         	DQVRLLESCWLEVLMVGL-
Q6VU64/238-420      	DQVHLIECCWMELLLL---
Q6W5G5/184-376      	DQVHLLECAWLEILMVGL-
Q6W5G6/184-376      	DQVHLLECAWLEILMVGL-
Q6W5G7/342-534      	DQVHLLECAWLEILMVGL-
Q6W5G8/146-337      	DQVRLLESCWLEVLMMGL-
Q6W5G9/300-492      	DQVHLLECAWLEILMVGL-
Q6XSH1/315-507      	DQVHLLECCWLEVLMVGL-
Q6XSH2/355-547      	DQIHLLKCCWLEILMLGL-
Q70AM5/135-302      	DQVHLLECCWLEVLMMGL-
Q71LW7/118-198      	DQVILLRAGWNELLI----
Q75T51/250-430      	DQMSLLQSAWMEILIL---
Q75T52/273-453      	DQMSLLQSAWMEILIL---
Q762D6/331-524      	DQVHLLECCWLELLMLGL-
Q765N6/120-198      	DQVRLLESCWMEVLMVGL-
Q765N7/345-537      	DQVHLLECAWLEILMIGL-
Q76FN2/176-239      	DQISLLKGAAVEILHISL-
Q7SZI0/357-549      	DQVLLLESSWLEVLMIGL-
Q7T2K7/355-547      	DQIHLLKCCWLEILMLGL-
Q7T2K8/309-501      	DQVQLLESSWLEVLMIGL-
Q7T3U4/347-539      	DQVHLLECCWLDILMLGQ-
Q7T3U5/347-539      	DQVHLLECCWLDILMLGL-
Q7ZU32/321-513      	DQVHLLECCWLEVLMLGL-
Q800Q2/311-503      	DQVQLLESSWLEVLMIGL-
Q804Q6/313-505      	DQVQLLESSWLEVLMIGL-
Q804Q7/307-499      	DQVHLLECCWLEVLMIGL-
Q86LU9/111-282      	DQVRLLRAGWNELLI----
Q8AV62/321-513      	DQVHLLECCWLEVLMLGL-
Q8AYH0/345-537      	DQVHLLECAWLEILMIGLV
Q8BG65/322-531      	DQVRLLESCWMEVLMVGL-
Q8CGK8/109-301      	DQVHLLECAWLEILMIGL-
Q8CGK9/108-299      	DQVRLLESCWMEVLMVGL-
Q8CHC9/281-461      	DQMSLLQSAWMEILIL---
Q8INT8/625-701      	DQICLLINSWCELLL----
Q8JJB9/322-514      	DQVHLLECCWLEVLMLGL-
Q8K4S0/5-207        	DQVRLLESCWMEVLMVGL-
Q8QHK9/319-511      	DQVHLLECCWLEVLMMGL-
Q8QHL0/306-498      	DQVQLLESSWLEVLMIGL-
Q8SPK8/2-87         	DQVRLLESCWLEVLMVGL-
Q8UW75/314-506      	DQVHLLECCWLEVLMMGL-
Q8UWA9/341-533      	DQVHLLECAWLEILMIGL-
Q8UWB0/345-537      	DQVHLLECAWLEILMIGLV
Q90WH6/361-553      	DQVQLLESSWLEILMIGL-
Q90WS8/321-513      	DQVHLLECCWLEVLMLGL-
Q90WS9/336-528      	DQVHLLECCWLDILMLGL-
Q90WV1/322-514      	DKVQLLESTWLEVLMIGL-
Q90WV5/226-403      	DQVILLEEAWSELFLL---
Q90Z59/119-199      	DQVHLLECCWLDILMLGL-
Q90ZE6/325-516      	DQVQLLECCWLEVLMVGL-
Q90ZM8/336-528      	DQVQLLECCWLEILIVGL-
Q91Z86/258-467      	DQVRLLESCWMEVLMVGL-
Q95JC0/186-250      	DQVRLLESCWMEVLMVGL-
Q95L13/187-379      	DQVHLLECAWLEILMIGLV
Q95ME9/303-468      	DQVRLLESCWLEVLMVGL-
Q95MF0/303-492      	DQVRLLESCWMEVLMVGL-
Q98SM7/321-513      	DQVHLLECCWLEVLMLGL-
Q98SM8/336-528      	DQVHLLECCWLDILMLGL-
Q9DDJ3/192-384      	DQVQLLESSWLEVLMIGL-
Q9DDZ4/356-548      	DQVQLLESSWLEVLMIGL-
Q9GK26/103-193      	DQVILLRAGWNELLI----
Q9I984/105-276      	DQVQLLESSWLEVLMIGL-
Q9N0K2/1-87         	DQVRLLESCWLEVLMVGL-
Q9XSG5/66-111       	DQVILLRAGWNELLI----
USP_DROME/286-495   	DQVILLKAAWIELLI----

SOP score is 507437

================
consensus           	QYPNQPTRFGKLLLRL

7UP1_DROME/346-528  	QYPNQPTRFGKLLLRL
COT1_BOVIN/225-407  	QYPNQPSRFGKLLLRL
COT1_HUMAN/224-406  	QYPNQPSRFGKLLLRL
COT1_MOUSE/223-405  	QYPNQPSRFGKLLLRL
COT2_BOVIN/217-399  	QYPNQPTRFGKLLLRL
COT2_CHICK/213-395  	QYPNQPTRFGKLLLRL
COT2_HUMAN/217-399  	QYPNQPTRFGKLLLRL
COT2_MOUSE/217-399  	QYPNQPTRFGKLLLRL
COT2_RAT/217-399    	QYPNQPTRFGKLLLRL
EAR2_HUMAN/207-389  	QYPSQPQRFGRLLLRL
EAR2_MOUSE/194-376  	QYPSQPQRFGRLLLRL
EAR2_RAT/194-376    	QYPSQPQRFGRLLLRL
FTFB_DROME/625-803  	HYPDTPSKFGELLLRI
NR21_CHICK/190-379  	RYPTQPCRFGKLLLLL
NR21_HUMAN/190-379  	RYPTQPCRFGKLLLLL
NR21_MOUSE/190-379  	RYPTQPCRFGKLLLLL
NR21_ORYLA/201-390  	RYPTQPCRFGKLLLLL
NR21_XENLA/190-380  	RYPTQPCRFGKLLLLL
NR23_HUMAN/225-407  	HHPSQPVRFGKLLLLL
NR23_MOUSE/212-392  	HHPSQPVRFGKLLLLL
NR52_CHICK/310-495  	-YPQQTDKFGQLLLRL
NR52_HUMAN/350-535  	-YPQQTEKFGQLLLRL
NR52_MOUSE/369-554  	-YPQQTEKFGQLLLRL
NRD1_RAT/338-504    	--PSETSRFTKLLLKL
NRD2_HUMAN/410-576  	-HPNEASIFTKLLLKL
NRD2_MOUSE/407-573  	-HPNEASIFTKLLLKL
NRD2_RAT/409-575    	-HPNEASIFTKLLLKL
O42186/325-510      	-YPQQTDKFGQLLLRL
O45117/349-548      	KHPNEDGRFAQLLLRL
O61448/213-393      	QYPDQPGRFAKLLLRL
O61449/226-407      	HHPDQPGRFGKLLLRL
O76241/280-461      	-YPDEPGRFAKLLLRL
O96562/248-429      	KHPEQPDRFTKVILRI
O96680/504-683      	RYPRQATRFGRLLLLL
O97120/486-669      	--PQDTSRFTKLLLRL
O97864/18-187       	KYPEQQGRFAKLLLRL
Q06310/38-223       	KYPEQQGRFAKLLLRL
Q15625/398-586      	-YPDDTYRLSRLLLRL
Q26470/1-106        	QYPNQPTRFGKLLLRL
Q26622/371-559      	-YPSKLNRFSKLLLRL
Q62152/385-573      	-YPDDTYRLSRLLLRL
Q62681/221-402      	QYPNQPSRFGKLLLRL
Q62702/324-491      	-HPNEASIFTKLLLKL
Q6I9S1/410-576      	-HPNEASIFTKLLLKL
Q6INZ0/260-441      	KYPDQQGRFAKLLLRL
Q6IVK1/204-401      	-------RFASLLLRL
Q6LC96/250-431      	KYPEQPGRFAKLLLRL
Q6LDB2/151-332      	KYPEQPGRFAKLLLRL
Q6MGB3/262-443      	KYPEQQGRFAKLLLRL
Q6P0E6/191-373      	QYPNQPTRFGKLLLRL
Q6P115/207-389      	QYPGQPQRFGRLLLRL
Q6P117/205-387      	QYPGQPQRFGRLLLRL
Q6P3U7/327-508      	KYPEQPGRFAKLLLRL
Q6P586/227-409      	QYPSQPQRFGRLLLRL
Q6P6S7/445-611      	--PSETSRFTKLLLKL
Q6PBU9/252-433      	-YPDQPGRFAKLLLRL
Q6PH18/192-374      	QYPNQPTRFGKLLLRL
Q6PHF2/213-395      	QYPNQPSRFGKLLLRL
Q6RJS6/1-75         	KYPEQQGRFAKLLLRL
Q6RUV8/332-517      	-YPQQTDKFGQLLLRL
Q6V7U7/223-404      	-HPDEPGRFAKLLLRL
Q6ZMP8/227-416      	RYPTQPCRFGKLLLLL
Q7PD57/13-199       	QFPGQIARFGRLLLML
Q7PM01/148-327      	RYPRQPTRFGRLLLLL
Q7PSF1/61-251       	HYPKSPAKFGELLLRI
Q7PTL7/2-56         	-------RFGEILLLL
Q7PUT9/229-429      	QHPSEDGRFAQLLLRL
Q7QCB4/312-494      	QYPNQPTRFGKLLLRL
Q7QGB9/299-479      	HYPKSPAKFGELLLRI
Q7SIF6/52-251       	-------RFAALLLRL
Q7SYN5/268-463      	RYPDQQGRFAKLLLRL
Q7SZG3/169-362      	RYPEQQGRFAKLLLRL
Q7T0T7/192-374      	QYPSQPQRFGRLLLRL
Q7T2G7/92-273       	KYPEQPGRFAKLLLRL
Q7T3J3/82-263       	KYPDQQGRFAKLLLRL
Q7YRQ3/142-324      	QYPNQPTRFGKLLLRL
Q7YTB9/166-355      	KYPTQPFRFGKLLLML
Q7ZXI7/208-390      	QYPNQPTRFGKLLLRL
Q800U8/309-494      	-YPQFPDRFSQILLRL
Q801J3/132-283      	QYPNQPTRFGKLLLRL
Q804B5/108-289      	KYPEQPGRFAKLLLRL
Q86GV5/246-428      	QYPNQPTRFGKLLLRL
Q86LU7/113-284      	--PDEPGRFAKLLLRL
Q86LU9/111-282      	--PDEPGRFAKLLLRL
Q86LV1/134-304      	HYPDEPGRFAKLLLRL
Q8AW18/1-121        	RYPDQQGRFAKLLLRL
Q8C598/407-573      	-HPNEASIFTKLLLKL
Q8CCE4/3-163        	-HPNEASIFTKLLLKL
Q8I1M8/199-396      	-------RFASLLLRL
Q8I748/361-544      	-YPVSPRRFSKLLLRL
Q8IVZ9/137-319      	HHPSQPVRFGKLLLLL
Q8JHW6/201-390      	RYPTQPCRFGKLLLLL
Q8JID3/364-552      	-YPDDTYRLSRLLLRL
Q8MQJ1/346-528      	QYPNQPTRFGKLLLRL
Q8MX78/302-483      	QYPEQPGRFAKLLLRL
Q8MX79/306-494      	-HPDDTERFAKLLLRL
Q8ST32/274-450      	HHPAQTQRFAKLLLRM
Q8T5C6/247-428      	RYPEEPGRFAKLLLRL
Q8T747/12-193       	QYPEQPGRFAKLLLRL
Q8T8U4/84-266       	QYPNQPTRFGKLLLRL
Q8UUM6/228-419      	KYPDQQGRFAKLLLRL
Q8VCR0/221-406      	KYPEQQGRFAKLLLRL
Q8VIJ3/385-573      	-YPDDTYRLSRLLLRL
Q8VIJ4/385-573      	-YPDDTYRLSRLLLRL
Q90415/190-371      	KYPDQPGRFAKLLLRL
Q90417/222-417      	KYPDQQGRFAKLLLRL
Q90418/235-430      	RYPDQQGRFAKLLLRL
Q90970/380-546      	-HPNEASIFTKLLLKL
Q90WV5/226-403      	HYPGQPVRFGKLLLLL
Q90Y01/65-236       	KYPDQPGRFAKLLLRL
Q90Y65/117-293      	KYPDQQGRFAKLLLRL
Q90Y66/116-292      	KYPDQPGRFAKLLLRL
Q90YL6/326-511      	-YPQQTDKFGQLLLRL
Q90Z61/93-276       	KYPDQQGRFAKLLLRL
Q91430/225-407      	QYPNQPTRFGKLLLRL
Q91544/310-495      	-YPQQTDKFGQLLLRL
Q91545/277-462      	HYPQQTDKFGQLLLRL
Q91613/260-444      	KYPDQQGRFAKLLLRL
Q91720/200-382      	QYPNQPTRFGRLLLRL
Q91840/223-404      	KYPDQQGRFAKLLLRL
Q922A5/445-611      	--PSETSRFTKLLLKL
Q922C3/5-96         	-HPNEASIFTKLLLKL
Q922G8/194-376      	QYPSQPQRFGRLLLRL
Q95K90/398-586      	-YPDDTYRLSRLLLRL
Q95L53/336-517      	KYPEQQGRFAKLLLRL
Q95WF6/181-368      	RHPNTPERFAKILLRL
Q95WF7/171-353      	QYPNQPTRFGKLLLRL
Q95WF8/152-336      	-YPDKPSRFAHILLRL
Q95WG0/207-401      	KHPNFPERFAKILLRL
Q95WG1/215-409      	KHPNFPERFAKILLRL
Q95WG3/258-436      	-YPLKPNRLGKLLLCL
Q95WG4/194-376      	QCPTQLARFGRLLLLL
Q962I5/256-461      	EHPGDDGRFAQLLLRL
Q969A9/224-406      	QYPNQPTRFGKLLLRL
Q98ST8/346-531      	-HPGHSDKFGQLLLRL
Q9BMU6/296-478      	QYPNQPTRFGKLLLRL
Q9GKL1/304-489      	-YPQQTEKFGQLLLRL
Q9GSG7/257-454      	QHPSEDGRFAQLLLRL
Q9GSG8/282-479      	QHPSEDGRFAQLLLRL
Q9IB81/278-463      	-YPQQTDKFGQLLLRL
Q9IB82/310-495      	-YPQQTDKFGQLLLRL
Q9NFY1/220-401      	-HPNEPGRFAKLLLRL
Q9NG48/239-420      	-WPDDAGRFAKLLLRL
Q9PS79/208-390      	QYPNQPTRFGKLLLRL
Q9QWM0/348-533      	-YPQQTEKFGQLLLRL
Q9QWM1/369-554      	-YPQQTEKFGQLLLRL
Q9TTF0/242-424      	HHPSQLVRFGKLLLLL
Q9U3Y3/283-480      	QHPSEDGRFAQLLLRL
Q9U7D9/201-382      	-HPDEPGRFAKLLLRL
Q9UAF1/147-328      	KYPDQPGRFAKLLLRL
Q9UEC0/350-535      	-YPQQTEKFGQLLLRL
Q9VML1/502-681      	RYPRQATRFGRLLLLL
Q9W745/212-394      	QYPNQPSRFGKLLLRL
Q9Z2U7/1-99         	KYPEQPGRFAKLLLRL
RXRA_BRARE/252-433  	-YPDQPGRFAKLLLRL
RXRA_HUMAN/273-454  	KYPEQPGRFAKLLLRL
RXRA_MOUSE/278-459  	KYPEQPGRFAKLLLRL
RXRA_RAT/278-459    	KYPEQPGRFAKLLLRL
RXRA_XENLA/299-480  	KYPEQPGRFAKLLLRL
RXRB_HUMAN/344-525  	KYPEQQGRFAKLLLRL
RXRB_MOUSE/331-512  	KYPEQQGRFAKLLLRL
RXRB_RAT/269-450    	KYPEQQGRFAKLLLRL
RXRG_CHICK/278-459  	KYPEQPGRFAKLLLRL
RXRG_HUMAN/274-455  	KYPEQPGRFAKLLLRL
RXRG_MOUSE/274-455  	KYPEQPGRFAKLLLRL
RXRG_XENLA/281-462  	KYPDQPGRFAKLLLRL
SV44_BRARE/214-396  	QYPNQPSRFGKLLLRL
SV46_BRARE/192-374  	QYPNQPNRFGRLLLRL
USP_BOMMO/253-449   	-------RFAALLLRL
USP_CHOFU/261-458   	---NEEGRFASLLLRL
USP_DROME/286-495   	EHPGDDGRFAQLLLRL
USP_MANSE/252-445   	-------RFAALLLRL

SOP score is 1043153

================
