consensus           	LNKLMTTLHSTAPHFVRCIVPN

BK001410.1|_1       	LNKLMTTLHSRTP---------
gi|37222317|gb|AAQ89	LNKLMTTLHSTAPHFVRCIVPN
gi|37222319|gb|AAQ89	LNKLMTTLHSTAPHFVRCIVPN
gi|37222321|gb|AAQ89	LNKLMTTLHSTAPHFVRCIVPN
gi|37222323|gb|AAQ89	LNKLMTTLHSTAPHFVRCIIPN
gi|37222325|gb|AAQ89	LNKLMTTLHSTAPHFVRCIIPN
gi|37222327|gb|AAQ89	LNKLMTTLHSTAPHFVRCIIPN
gi|37222329|gb|AAQ89	LNKLMTTLHSTAPHFVRCIIPN

SOP score is 2816

================
consensus           	HSTAPHFVRCIIPNEFKQS

gi|37222317|gb|AAQ89	HSTAPHFVRCIVPNEFKQS
gi|37222319|gb|AAQ89	HSTAPHFVRCIVPNEFKQS
gi|37222321|gb|AAQ89	HSTAPHFVRCIVPNEFKQS
gi|37222323|gb|AAQ89	HSTAPHFVRCIIPNEFKQS
gi|37222325|gb|AAQ89	HSTAPHFVRCIIPNEFKQS
gi|37222327|gb|AAQ89	HSTAPHFVRCIIPNEFKQS
gi|37222329|gb|AAQ89	HSTAPHFVRCIIPNEFKQS

SOP score is 2214

================
consensus           	FFVLQPQEQLNKLMTTLHS

BK001410.1|_1       	FFVLQPQEQLNKLMTTLHS
gi|37222317|gb|AAQ89	-------EQLNKLMTTLHS
gi|37222319|gb|AAQ89	-------EQLNKLMTTLHS
gi|37222321|gb|AAQ89	-------EQLNKLMTTLHS
gi|37222323|gb|AAQ89	-------EQLNKLMTTLHS
gi|37222325|gb|AAQ89	-------EQLNKLMTTLHS
gi|37222327|gb|AAQ89	-------EQLNKLMTTLHS
gi|37222329|gb|AAQ89	-------EQLNKLMTTLHS

SOP score is 1631

================
consensus           	EQLNKLMTTLHSTAPHFVR

BK001410.1|_1       	EQLNKLMTTLHSRTP----
gi|37222317|gb|AAQ89	EQLNKLMTTLHSTAPHFVR
gi|37222319|gb|AAQ89	EQLNKLMTTLHSTAPHFVR
gi|37222321|gb|AAQ89	EQLNKLMTTLHSTAPHFVR
gi|37222323|gb|AAQ89	EQLNKLMTTLHSTAPHFVR
gi|37222325|gb|AAQ89	EQLNKLMTTLHSTAPHFVR
gi|37222327|gb|AAQ89	EQLNKLMTTLHSTAPHFVR
gi|37222329|gb|AAQ89	EQLNKLMTTLHSTAPHFVR

SOP score is 2513

================
