Consensus_0	ISIQSECPIGLIGDDIEAVSR
ANFD_HELGE	MTIYQTCASALIGDDINAIAQ

Consensus_0	ISIQSECPIGLIGDDIEAVSRAKSKEY
NIFD_ALCFA	ISVQSECPIGLIGDDIEAVAKKKAAEH

Consensus_0	ISIQSECPIGLIGDDIEAVSRAKSKE
NIFD_ANASP	VSIQSECPIGLIGDDIEAVAKKTSKQ

Consensus_0	ISIQSECPIGLIGDDIEAVSRAKSKE
NIFD_AZOBR	ISIQSECPIGLNGDDIEGVSKAKSEE

Consensus_0	ISIQSECPIGLIGDDIEAVSRAKSKE
NIFD_AZOVI	ISVQSECPIGLIGDDIESVSKVKGAE

Consensus_0	ISIQSECPIGLIGDDIEAVSRAKSKEY
NIFD_BRAJA	ITIQSECPVGLIGDDIEAVSRAKSKEY

Consensus_0	ISIQSECPIGLIGDDIEAVSRAKSKEY
NIFD_BRASP	ITIQSECPIGLIGDDIEAVSRSKSKEY

Consensus_0	ISIQSECPIGLIGDDIEAVSRAKSKE
NIFD_CLOPA	IGVYATCPVGLIGDDILAVAATASKE

Consensus_0	ISIQSECPIGLIGDDIEAVSRAKSKE
NIFD_CYAA5	VSVQSECPVGLIGDDIESVARTKSKE

Consensus_0	ISIQSECPIGLIGDDIEAVSRAKSK
NIFD_FRAAL	ISVQSECPIGLIGDDIEAVARVSSR

Consensus_0	ISIQSECPIGLIGDDIEAVSRAKSKEY
NIFD_HERSE	ISVQSECPIGLIGDDIEAVSKKKSKQY

Consensus_0	ISIQSECPIGLIGDDIEAVSRAKSK
NIFD_KLEPN	ITIQSECPVGLIGDDISAVANASSK

Consensus_0	ISIQSECPIGLIGDDIEAVSRAKSKEY
NIFD_METBA	ITICATCPVGLIGDDIESVAREAEKEH

Consensus_0	CPIGLIGDDIEAVSRAKSKE
NIFD_METTH	CTTGLIGDDIEAVSREVSEE

Consensus_0	CPIGLIGDDIEAVSRAKSKE
NIFD_METTM	CTTGLIGDDIDAISREVSEE

Consensus_0	ISIQSECPIGLIGDDIEAVSRAKSKE
NIFD_NOSCO	VSIQSECPIGLIGDDIEAVARKTSKE

Consensus_0	ISIQSECPIGLIGDDIEAVSRAKSKE
NIFD_PLEBO	ISIQSECPIGLIGDDIEAVAKKSAKE

Consensus_0	ISIQSECPIGLIGDDIEAVSRAKSKEY
NIFD_RHICP	ITIQSECPIGLIGDDIEAVSRAKSKEY

Consensus_0	ISIQSECPIGLIGDDIEAVSRAKSKEY
NIFD_RHISN	ITIQSECPIGLIGDDIEAVSRKKAAEH

Consensus_0	ISIQSECPIGLIGDDIEAVSRAKSKE
NIFD_RHOCA	ITIQSECPIGLIGDDIEAVSKKKNKE

Consensus_0	ISIQSECPIGLIGDDIEAVSRAKSK
NIFD_SYNP8	ISIQSECPVGLIGDDIEGVAKKAQK

Consensus_0	ISIQSECPIGLIGDDIEAVSRAKSKEY
NIFD_THIFE	ITVQSECPIGLIGDDIEAVSKKKAAEF

Consensus_0	ISIQSECPIGLIGDDIEAVSRAKSKEY
NIFE_CLOPA	IFVYSTCIVGVIGDDTDAVCKAAEEKY

Consensus_0	ISIQSECPIGLIGDDIEAVSRAKSKEY
NIFE_METBA	ILVYSTCIVGIIGDDLESVCKTASQKH

Consensus_0	ISIQSECPIGLIGDDIEAVSR
NIFE_METMP	IFVYSTCVVGLIGDDLKAVCR

Consensus_0	ISIQSECPIGLIGDDIEAVSRAKSKEY
NIFE_SYNP8	VFVYSTCVTALIGDDLDAVCKAATKKY

Consensus_0	IQSECPIGLIGDDIEAVSRAKSKE
VNFD_AZOCH	VYTTCPTALIGDDIKAVAKKVMKE

Consensus_0	IQSECPIGLIGDDIEAVSRAKSKE
VNFD_AZOPA	VYTTCPTALIGDDIKAVAKKVMKD

Consensus_0	IQSECPIGLIGDDIEAVSRAKSKE
VNFD_AZOSA	VYTTCPTALIGDDIKAVAKKVMKD

//
