consensus           	YILQGVTSWGLGCARPNKP

PLMN_BOVIN          	YILQGVTSWGLGCARPNKP
PLMN_CANFA          	YILQGVTSWGLGCARPNKP
PLMN_ERIEU          	YILQGVTSWGLGCARLTRP
PLMN_HORSE          	YILQGVTSWGLGCARPNKP
PLMN_HUMAN          	YILQGVTSWGLGCARPNKP
PLMN_MACMU          	YILQGVTSWGLGCARPNKP
PLMN_MOUSE          	YILQGVTSWGLGCARPNKP
PLMN_PIG            	YILQGVTSWGLGCALPNKP
PLMN_SHEEP          	YILQGVTSWGLGCARPNKP
UROK_CHICK          	--LYGIVSWGDGCAKKNKP
UROK_HUMAN          	--LTGIVSWGRGCALKDKP
UROK_MOUSE          	--LSGIVSWGRGCAEKNKP
UROK_PAPCY          	--LTGIVSWGRGCALKDKP
UROK_RAT            	--LSGIVSWGSGCAEKNKP
URTG_DESRO          	--LLGIISWGVGCGEKDIP

SOP score is 8023

================
consensus           	LCAS-S-SFDCGKPQ-VEPKKCPG

PLMN_BOVIN          	-----S-SFDCGKPK-VEPKKCSG
PLMN_CANFA          	-CVS-T-SFDCGKPQ-VEPKKCPG
PLMN_ERIEU          	-CVSPS-SADCGKPK-VEPKKCPG
PLMN_HORSE          	-CES-S-PFDCGKPK-VEPKKCSG
PLMN_HUMAN          	-CAA-P-SFDCGKPQ-VEPKKCPG
PLMN_MACMU          	-CAA-S-SFDCGKPQ-VEPKKCPG
PLMN_MOUSE          	LCASAS-SFECGKPQ-VEPKKCPG
PLMN_PETMA          	-------------PE-AXPRYC--
PLMN_PIG            	-CVT-S-SFDCGKPK-VEPKKCP-
PLMN_RAT            	-CGS-SVSPDQSDSS-VLPEQTP-
PLMN_SHEEP          	-----S-SFDCGKPK-VEPKKCP-
UROK_BOVIN          	--------FQCGQKA-LRPR----
UROK_CHICK          	---T-D-QFLCGGSL-IDP-----
UROK_HUMAN          	--------FQCGQKT-LRPR----
UROK_MOUSE          	--------FQCGQKA-LRPR----
UROK_PAPCY          	--------FQCGQRT-LRPR----
UROK_PIG            	--------FQCGQKA-LRPR----
UROK_RAT            	--------FQCGQKA-LRPR----
URT1_DESRO          	-----S-DFVCQCPAGYTGKRC--
URT2_DESRO          	-----S-DFVCQCPKGYTGKQC--
URTB_DESRO          	-----S-DFVCQCPKGYTGKQC--
URTG_DESRO          	-----T-SESCSVPV-CSKATC--

SOP score is 6778

================
consensus           	AGLIMNYCRNPDA-VA-APYC

APOA_MACMU          	-GLIRNYCRNPDP-VA-APYC
PLMN_BOVIN          	AGLTMNYCRNPDA-DK-SPWC
PLMN_CANFA          	AGLEKNYCRNPDGDVN-GPWC
PLMN_ERIEU          	ADLTMNYCRNPDG-DK-GPWC
PLMN_HORSE          	ANLEKNYCRNPDGDVN-GPWC
PLMN_HUMAN          	AGLTMNYCRNPDA-DK-GPWC
PLMN_MACMU          	AGLTMNYCRNPDA-DK-GPWC
PLMN_MOUSE          	AGLEMNYCRNPDG-DK-GPWC
PLMN_PETMA          	-GLVSNYCRNPDG-EK-LPWC
PLMN_PIG            	AGLTMNYCRNPDA-DK-SPWC
PLMN_RAT            	SGLEMNYCRNPDN-DQRGPWC
PLMN_SHEEP          	AGLEKNYCRNPDGDVN-GPWC
TPA_HUMAN           	-----NYCRNPDG-DA-KPWC
TPA_MOUSE           	-----NYCRNPDG-DA-RPWC
TPA_RAT             	-----NYCRNPDG-DA-KPWC
UROK_BOVIN          	-----NYCRNPDN-QR-RPWC
UROK_HUMAN          	-----NYCRNPDN-RR-RPWC
UROK_MOUSE          	-----NYCRNPDN-QK-RPWC
UROK_PAPCY          	-----NYCRNPDN-RR-RPWC
UROK_RAT            	-----NYCRNPDN-QR-RPWC
URT2_DESRO          	-----NYCRNPDN-NS-KPWC
URTB_DESRO          	-----NYCRNPDN-NS-KPWC
URTG_DESRO          	-----NYCRNPDG-AS-KPWC

SOP score is 19159

================
consensus           	PNAGLIMNYCRNPDAVAA

APOA_HUMAN          	PNAGLIMNYCRNPDAVAA
APOA_MACMU          	PNAGLVKNYCRNPDPVAA
HGFL_HUMAN          	PHAQLEENFCRNPD----
HGFL_MOUSE          	PQAGLEANFCRNPD----
HGF_HUMAN           	PDKGFDDNYCRNPD----
HGF_MOUSE           	PDKGFDDNYCRNPD----
HGF_RAT             	PDKGFDDNYCRNPD----
PLMN_BOVIN          	PNAGLTMNYCRNPDA---
PLMN_CANFA          	PQAGLEKNYCRNPD----
PLMN_ERIEU          	PDADLTMNYCRNPD----
PLMN_HUMAN          	PNAGLTMNYCRNPDA---
PLMN_MACMU          	PNAGLTMNYCRNPDA---
PLMN_MOUSE          	PDAGLEMNYCRNPD----
PLMN_PETMA          	PDAGLEENFCRNPD----
PLMN_PIG            	PNAGLTMNYCRNPDA---
PLMN_RAT            	PDSGLEMNYCRNPD----
PLMN_SHEEP          	PRAGLEKNYCRNPD----
THRB_BOVIN          	PGADLRENFCRNPD----
THRB_HUMAN          	PGADLQENFCRNPDS---
THRB_MOUSE          	PGADLKENFCRNPDS---
THRB_RAT            	PEVKLVQNFCRNPD----

SOP score is 12566

================
consensus           	NPD--P-VAAPWCYTTDPSVR

APOA_MACMU          	NPD--P-VAAPWCYTTDPSVR
HGFL_HUMAN          	NPDGDP--GGPWCYTTDPAVR
HGFL_MOUSE          	NPD--G-SERPWCYTTDPNV-
HGF_HUMAN           	NPD--G-SESPWCFTTDPNIR
HGF_MOUSE           	NPD--G-AESPWCFTTDPNIR
HGF_RAT             	NPD--G-AESPWCFTTDPNIR
PLMN_BOVIN          	NPD--A-DKSPWCYTTDPRVR
PLMN_CANFA          	NPD-GD-VNGPWCYTMN----
PLMN_ERIEU          	NPD--G-DKGPWCYTTDPSVR
PLMN_HORSE          	NPD-GD-VNGPWCYTMNP---
PLMN_HUMAN          	NPD--A-DKGPWCFTTDPSVR
PLMN_MACMU          	NPD--A-DKGPWCFTTDPSVR
PLMN_MOUSE          	NPD--G-DKGPWCYTTDPSVR
PLMN_PETMA          	NPD--G-EKLPWCYTTE----
PLMN_PIG            	NPD--A-DKSPWCYTTDPRVR
PLMN_RAT            	NPD-ND-QRGPWCFTTDPSVR
PLMN_SHEEP          	NPD-GD-VNGPWCYTTNP---
THRB_BOVIN          	NPD-GS-ITGPWCYTTSPTLR
THRB_HUMAN          	NPD--SSTTGPWCYTTDPTVR
THRB_MOUSE          	NPD--SSTTGPWCYTTDPTVR
THRB_RAT            	NPD--SSTSGPWCYTTDPTVR
URTB_DESRO          	NPD--N-NSKPWCYVIKAS--
URTG_DESRO          	NPD--G-ASKPWCY-------

SOP score is 18120

================
consensus           	LLTTPTVVP---VPSTELPSEE

APOA_HUMAN          	LLTTPTVVP---VPSTELPSEE
APOA_MACMU          	VLTTPTVVP---VPSTEAPSEQ
FA12_HUMAN          	LVSLESTLS---IPPWEAPKE-
HGFA_HUMAN          	----PICLP---EPGSTFPA--
HGFA_MOUSE          	--TSTESAP---AAETEGPQSE
PLMN_BOVIN          	-------VP---VPPEQTP---
PLMN_CANFA          	-----TVMG---IPCQEWAAQE
PLMN_HORSE          	-LSSPAIITQNVIPACLPPAD-
PLMN_HUMAN          	VVAPPPVVL---LPDVETPSEE
PLMN_MACMU          	----PPVAQ---LPDAETPSEE
PLMN_PETMA          	------------VPS-------
PLMN_PIG            	----PAIAQ---VPSVEDLSED
PLMN_RAT            	------IVP--QVPSAPGTSE-
PLMN_SHEEP          	-----TVAG---VPCQEWAAQE
TPA_MOUSE           	-------LP---DPNLQLP---
TPA_RAT             	-------LP---DPDVQLP---
UROK_BOVIN          	-------------PSSPREKEE
UROK_MOUSE          	----------------QLPKKE
URT1_DESRO          	-------VP---VNSCSEP---
URTB_DESRO          	LLLCGAVFS---LPRQE-----
URTG_DESRO          	LLLCGAVFS---LPRQE-----

SOP score is 1277

================
consensus           	VCNHYEFLNGRVKSTELCA

PLMN_BOVIN          	VCNRNEYLDGRVKPTELCA
PLMN_CANFA          	VCNRYEYLNGRVKSTELCA
PLMN_ERIEU          	VCNRQSFLNGRVRSTELCA
PLMN_HORSE          	VCNRYEYLNGRVKSTELCA
PLMN_HUMAN          	VCNRYEFLNGRVQSTELCA
PLMN_MACMU          	VCNRYEFLNGTVKTTELCA
PLMN_MOUSE          	VCNRVEYLNNRVKSTELCA
PLMN_PETMA          	-------------TTEYC-
PLMN_PIG            	VCNRYEYLGGKVSPNELCA
PLMN_RAT            	-CN----------------
PLMN_SHEEP          	VCNRYEYLNGRVKSTELCA
TPA_BOVIN           	-CTSQHLFNRTVTNNMLCA
TPA_HUMAN           	-CTSQHLLNRTVTDNMLCA
TPA_MOUSE           	-CTSQHLFNKTVTNNMLCA
TPA_RAT             	-CTSQHLFNKTITSNMLCA
UROK_BOVIN          	VCQQPHYYGAEVTDKMLCA
UROK_CHICK          	-CKNKYYDSTRVTDNMVCA
UROK_HUMAN          	-CQQPHYYGSEVTTKMLCA
UROK_MOUSE          	-CMQPHYYGSEINYKMLCA
UROK_PAPCY          	-CQQPHYYGSEVTTKMLCA
UROK_PIG            	-CQQPHYYGSEVTTKMLCA
UROK_RAT            	-CKQPHYYGSEINYKMLCA
URT1_DESRO          	-CAPKFLFNKTVTNNMLCA
URT2_DESRO          	-CTSKFLFNKTVTNNMLCA
URTB_DESRO          	-CTSKFLFNKTVTNNMLCA
URTG_DESRO          	-CTSKFLFNKTVTNNMLCA

SOP score is 12709

================
consensus           	PLIDPQR--CSAPDVHGAAF

FA12_BOVIN          	PLIDPQR--CSAPDVHGAAF
FA12_CAVPO          	PLISSER--CSSPEVHGDAF
FA12_HUMAN          	PFLSLER--CSAPDVHGSS-
HGFA_HUMAN          	PLVADHK--CSSPEVYGA--
HGFA_MOUSE          	PLVADHK--CSSPEVYGA--
PLMN_CANFA          	PQVEPKK--CPGRVVGG---
PLMN_HORSE          	PKVEPKK--CSGRIVGG---
PLMN_PETMA          	---DPKGPWCYTTDYXGAA-
PLMN_RAT            	--IVPQV--PSAP-------
PLMN_SHEEP          	PKVEPKK--CPARVVGG---
UROK_BOVIN          	-----QR--CSCP-------
UROK_CHICK          	-----KR--CLCPEGYG---
UROK_HUMAN          	-LISHRE--CQQPHYYGS--
UROK_MOUSE          	-LVSHEQ--CMQPHYYGS--
UROK_PAPCY          	-LVSHQK--CQQPHYYGS--
UROK_PIG            	-----QR--CSCP-------
UROK_RAT            	-IISHEQ--CKQPHYYGS--
URTB_DESRO          	------------PNVHDA--
URTG_DESRO          	------------PNVHDA--

SOP score is 2851

================
