consensus           	TAAATG---T--T----A-A-A--T--A--A--------T----T---A-A----T---G---A---A---A--AT--T--T-A--------A--A---TAAA-

uc.110              	-AGATG---T--A----A-G-TGGA--A--T--------T----T---A-T----T---G---T---A---A--CA--A--C-A--------A--A---TATA-
uc.112              	---AAG---T--A----T-G-A--G--A--A--------A----T---G-A----T---G---T---C---G--AT--T--T-A------TCA--T---TATA-
uc.113              	TCACTG---T--T----C-A-G--G--A--A--------G----T---A-C----A---A---T---C---A--AT--T--T-G--------A--A---ATTA-
uc.118              	TTACTG---C--A----A-T-T--C--A--A--------T----A---T-A----T---G---T---A---A--AT--A----A--------G--A---TAAC-
uc.119              	---ATG---A--T----A-A-A--T--C--A--------C----A---C-A----G---G---A---G---A--AT--T--A-A--------G--A---AAGC-
uc.121              	TATGTT---T--T----A-A-T--T--G--A--------T----T---T-A----T---T---A---A---T--AT--T--T-T--------A--T---CACA-
uc.122              	-AAATG---T--G----G-G-T--C--A--G--------T----T-TTA-A----T---T---A---C---A--CT--A--T-A--------C--A---GAAT-
uc.123              	--AGTG---T--C----A-G-A--T--A--A--------A----C---A-G----T---GTGGA---A---A--AT--T--A-A--------G--A---TTAA-
uc.124              	TCAACC---T--A----T-C-A--C--A--C--------T----G---A-G----T---G---A---C---A--AG--A--A-A--------G--A---AAAA-
uc.131              	TGAATG---G--A----ATA-A--C--A--G--------T---GT---A-A----T---G---T---A---C--CA--T--T-G--------A--A---GGCA-
uc.170              	-AATAG---A--C----C-C-A--T--C--A--------C----A---A-A----T---A---T---T---A--AT--T--T-G--------A--A---AAGG-
uc.174              	---ATG---A--C----AGA-A--T--G--G--------A----T---T-A----T---G---A---A---G--AT-GA--C-A--------G--A---TTAA-
uc.194              	TCAATG---T--A----G-G-T--T--T--T------GGT----G---C-C----T---G---G---A---A--AT--T--T-A--------A--C---TGTA-
uc.195              	--ACTG---C--T----C-A-T--C--A--A--------G----C---A-G----T---A---A---A---A--CT--G--T-G--------A--C---AAAA-
uc.204              	TAAATT---A--G----A-G-C--T--A--A--------G----T---T-A----A---C---C---T---G--AT--T--T-C--------C--C---TTAA-
uc.205              	-ACCAG---T--T----T-G-A--T--C--A--------T----T---A-C----A---G---G---A---C--AG--C--A-A--------A--AAGTTAAT-
uc.208              	----TA---T--T----A-A-C--T--A--A--------G----T---A-A----TCATG---C---A---A--AT--T--C-A--------T--C---TACAA
uc.209              	-AACTC---T--T----C-A-A--T--T--T-------CT----T---C-A----C---G---A---A---C--AT--T--A-A--------C--C---TTAA-
uc.210              	TGTAAT---T--T----A-G-C--A--A--A--------A----T---A-A----T---G---T---A---C--CA--TGCT-G--------A--T---TAAT-
uc.213              	---------T--T----G-C-A--C--A--A--------T----T---T-A----T---G---A---T---G--AA--T--T-A--------T--G---GAAA-
uc.215              	--ATTG---T--G----A-C-T--G--A--A--------T----T---T-C----T---T---A---A---C--AT--C--T-T--------T--T---CAAA-
uc.217              	-AAGTG---C--T----G-A-C--T--T--T--------T----TTCCA-A----T---A---T---C---A--CT--T--T-C--------T--C---TTCT-
uc.218              	TCAATG---T--T----T-TGA--T--T--A--------C----T---A-T----A---G---C---A---G--AT--T--T-G--------A--C---AGAG-
uc.222              	--AAAA---T--T----A-A-A--T--G--C--------T----A---C-A----T---G---TTTTA---A--AT--T--T-C--------A--G---CATA-
uc.229              	TAGCTT---T--G----G-A-A--A--A--A--------A----T---A-A----A---G---A---A---A--TT--G--T-A--------C--T---GAGG-
uc.232              	-AATCG---T--T----A-A-C--T--T--C--------C----A---A-G----A---G---G---A---G--AAGGT--A-A--------A--C---TAGA-
uc.234              	TAATTA--CT--T----T-C-A--C--A--A--------T----T---A-A----C---T---A---A---A--AT--A--C-A--------A--A---TCAA-
uc.236              	TCCATG---C--A----A-A-G--T--A--A--------T----T---A-A----A---T---T---A---G--AT--T--T-ATGGGCTGCA--T---TACA-
uc.238              	-ACCTA---A--A----A-T-A--T--A--T--------G----T---A-A----T---G---G---A---A--GT--G--G-T--------G--C---TTAT-
uc.240              	TTAGTG---TGCT----C-A-T--T--G--A--------T----G---A-G----T---G---A---A---A--GT--C--G-C--------C--A---CACA-
uc.241              	---ATG---T--C----T-A-A--T--A----------------T---T-A----T---G---T---T---A--AT--T--T-G--------A--A---AACA-
uc.242              	TTTATG---G--T----G-A-C--C--T--A--------TCTCCA---A-A----T---G---T---T---C--CT--A--T-T--------T--G---TAAT-
uc.243              	--ACTG---T--A----A-A-A--C--A--T--------T----C---T-G----A---G---A--CA---A--AA--A--A-A--------G--A---TTAA-
uc.244              	TCAATT---T--T----G-A-A--G--A--A-------------------A----T---G---C---A---A--AT--T--C-C--------A--A---AAGC-
uc.246              	-ATGTG---TCCT----G-C-C--T--G--G--------G----T---C-A----A---G---A---G---G--AT--T-GT-A--------A--A---TAAA-
uc.248              	-ATATG---G--A----A-A-A--C--A--T--------T----C---C-C----A---T---C---A---A--AT--A--T-G--------A--G---AAAA-
uc.250              	-AAATT---A--T----A-C-C--T--A--A--------T----T---A-G----T---C---T---G---A--AA--T--T-A--------C-CT---TTAA-
uc.253              	TTATTC---T--G----A-A-A--G--A--A--------A----C---A-A----T---G---T---A---A--AT--G--T-A--------A--A---TGAA-
uc.258              	TCAGAG---A--G----G-A-A--G--A--A-------GC----T---T-T----T---G---A---T---A--AT--T--T-G--------A--C---AAGA-
uc.259              	TATATC---T--T----T-T-A--T--A--A--------T----T---G-A----T---G---T---G---C--TG--T--A-A--------A--A---TTAA-
uc.26               	TAACGG---T--T----A-ATA--T--C--C--------T----C---A-C----A---A---A---T---T--AT--T--T-A--------A--T---GTAA-
uc.260              	TAGATG---C--C----A-G-C--T--G--G--------A----T---G-G----C-TGG---A---A---G--AT--A--G-A--------G--A---AAAA-
uc.261              	-ACATA---T--T----G-A-C-CT--C--A--------T----T---T-ACAGCT---A---G---C---A--GT--T--T-A--------A--A---TCCA-
uc.262              	--AATG---A--T----A-C-A--G--G--A--------T--------A-A----T---G---A---T---G--TT--T--T-A--------T--T---CAGA-
uc.266              	--AGTT---T--T----A-A-A--T--A--A--------T----G---A-G----A---G---A---A---G--AT--T--C-C--------A-CA---TGGA-
uc.267              	TAACTT---C--C----T-G-A--T--C-----------T----T---A-C----T---G---G---T---A--AC--A--G-A--------A--C---TAAA-
uc.268              	--AATT---T--T----A-T-T--T--T--G--------T----G---C-A----T---G---C---A---A--AT--A--C-A--------T--G---TCAA-
uc.269              	-AAATC---T--T----T-C-A--T--T--A--------T----C---A-A--GCT---C---A---A---A--GTCCT--T-G--------A--A---TTTT-
uc.271              	TTAAAA---C--T----T-C-A--G--C--T--------T----T---C-A----T---C---T---G---A--AG--A--T-A--------G--C---TAAT-
uc.277              	-AAATG---G--A----A-A-A--T--C--A-----------------A-A----T---G---A---A---C--GG--C--T-A--------A--C----AGA-
uc.278              	---ATG---T-GT----G-A-A--T--A--A--------T----T---A-A----T---G---G---C---A--AT--T--A-A--------TCCT---TAAT-
uc.280              	TGGAGG---T--TCTTCA-G-A--T--A--A--------C----T-CTA-T----T---G---A---A---C--AC--T--C-A--------G--A---TTAC-
uc.281              	-AACTG---T--C----A-G-G--G--G--A--------T----T---T-A---GT---G---A---T---A--AT--A--T-G------GCA--A---TATA-
uc.282              	TATTCA---T--C----A-G-A-GT--A--A--------A----A---A-A----A---G---G---A---A--CT--A--T-G--------A--A---AACC-
uc.284              	TAATTG-GCT--T----C-A-T--A--T--A--------C----G---G-A----T---C---A---T---C--AG--T--T-T--------A--A---TGAA-
uc.289              	TAAAAG---G--A----A-A-A--T--A--G--------T----T---T-A----A---T---T---A---C--AT--T--T-T--------A--G---TTCA-
uc.293              	--AAAG---A--T----T-A-A--A--G--T--------T----T---A-A----A---G---A---G---A--GC--A--A-A--------A--T---GCCA-
uc.294              	-ATTTT---T--T----G-A-A--G--A--G--------T----C---A-T----T---A---A---T---A--AT--G--T-G--------A--A---AGCT-
uc.296              	---AAG---A--T----A-A-A--T--A--A--------T----A---A-C----T---T---A---C---A--AA--C--A-G--------G--A---TTAG-
uc.297              	-AAATA---G--A----A-G-T--T--G--T--------T----T---T-T----T---G---C---A--CA--AA--T--T-T--------C--C---TTGT-
uc.298              	---ATC---A--C----A-G-A--G--A--A--------A----G---A-T----A---G---A---A---A--TT--T--A-A--------A--A---AAGA-
uc.302              	TAATTA---A--T----C-A-C--C--A--G--------T----T---A-A----A---G---C---A---A--AT--TAAT-A--------C--A---TATA-
uc.305              	--ACTC---T--T----A-A-T--G--A----------------T---A-A----T---G---T---C---A--AT--C--T-A--------G--C---AAAA-
uc.307              	TAACTG---A--T----T-G-A--T--A--G--------T----A---A-A----T---A---T---T---T--TC--C--T-G--------A--A---GAAT-
uc.309              	--AAAG---T--T----A-A-A--T--C--T--------T----A---C-T----T---G---A---G---A--GC--T--G-G--------G--A---GAGA-
uc.311              	TATATT---A--A----A-A-G--C--C--A--------T----A---A-A----A---G---G---T---C--TT--T--C-A--------A--A---AAGA-
uc.312              	-AACAG---T--T----T-T-A--T--A--A-------GC----T---A-A----T---T---A---G---A--AA--A--A-G--------A--T---TAAT-
uc.313              	--AATG---T--T----A-A-A--A--T--G--------T----A---A-A----T---A-CTA---A---A--AT--A--T-G--------T--A---TATA-
uc.314              	TAGAAG---T--T----G-A-T--T--G--A--------T----T---G-T----T---G---T---T---C--CT--C--T-G--------A--T---AGGA-
uc.320              	TTGAAA---T--T----G-G-A--C--T--A--------T----A---A-T----T---A---A---A---T--GC--T--T-A--------G--A---AAAT-
uc.322              	TAAATT---A--T----A-A-T--A--A--T--------T----T--CA-A----A---C---A---A---G--AA--T--T-A--------A--A---TTAC-
uc.326              	TTGCTG---C--T----T-C-A--T--A--T--------T----G---T-G----T---G---A---A---A---T--T--T-A--------A--T---TACA-
uc.327              	TAGAAC---T--T----C-C-A--TTGA--A--------T----C---A-A---GA---G---A---A---A--AA--T--G-A--------A--A---TACT-
uc.329              	-ACTTG---A--T----G-A-C--T--A--C--------A----C---A-A----T---G---A---G---G--AG--T--A-A--------T--A---TATT-
uc.335              	-AAATG---A--C----A-G-T--T--A--A--------T----T---A-C----C---C---A---C---T--AC--A--T-T--------A--A---CCAC-
uc.336              	TTAATT---T--T----G-A-A--T--T--C--------T----T---T-C----C---G---C---A---T--AT--T--A-A--------A--T---TAAA-
uc.341              	--ATAC---T--T----A-T-G--T--A--A--------A----T---A-A----T---G---T---T---A--TT--T--T-T--------A--A---CAGA-
uc.348              	-AAAAG---C--TGTGGA-G-A--T--A--C--------A----A---C-A----A---G---A---T---A--AC--A--T-T--------A--A---TGAG-
uc.355              	--ACTG---T--C----A-G-A--T--A--A--------A----C---A-G--AGT---G---G---A---A--AA--T--T-A--------A--G---ATTA-
uc.357              	TAAAAG---C--T----A------T--A--A--------T----G---T-C----T---G---A---T---A--TA--A--T-G--------A--T---TAAA-
uc.358              	-AAATG---G--T----A-T-T--T--C--A--------A----C---A-A----G---A---A---A---A--AT--T--A-C--------A--T---TCCT-
uc.359              	TACATG---A--T----G-A-A-CT--A--AGCACATTTA----T---A-A----T---G---A---T---A--AA--A--T-G--------A--G---TAAA-
uc.362              	--ATTA---T--T----A-A-A--C--AGCA--------TGGGGT---A-G----T---G---C---A---A--AC--T--G-G--------G--A---AAGA-
uc.363              	TTCATG---T-GT----C-A-T--T--A--G--------T----G---A-A----C---G---A---A---G--AT--T--G-A-------CA--A---GAAA-
uc.367              	TAATTT---G--C----A-T-A--T--G--A--------T----A---A-A----T---G---A---GCTTA--AT--T--G-C--------A--G---TAAA-
uc.369              	-AAATG---T--T----G-G-A--------A--------T----T---A-A----T-------A---T---G--AT--T--T-G--------C--A---TGAA-
uc.371              	TCAACT---T--C----T-A-A--G--C--T--------C----T---T-C----T---G---A---G---A--AA--A--A-A--------A--A---TAAC-
uc.376              	TAATGG---T--A----G-A-T--T--A--T--------T----T---A-A----A---C---A---A---A--AT--T--C-C--------A--G---TAAT-
uc.381              	TAAATC---A--A----A-C-A--T--C--T--------T----T---C-T----G---G---A---C---A--TT--T--TCA--------T--A---TGCA-
uc.382              	TGAATG---T--C----A-A-A--T--C--A--------A----T---T-T----G---G---C---T---CTCAT--T--A-G--------A--A---CAGC-
uc.383              	TCTAAT---T--A----C-A-T--T--C--A--------T----T---A-A----A---G---G---C---T--AA--T--A-A--------A--A---TAAA-
uc.384              	TAAATG---T--T----T-T-C--A--G--A--------T----A---T-T----A---G---C---C---A--AT--T--T-A--------T--A---TGCT-
uc.385              	TAATTG---G--T----C-A-T--G--A--A--------G----C---A-T----A---A---A---A---T--AT-GT--T-A--------T--G---TAAT-
uc.388              	TAGAAG---G--T----T-A-T--T--A--G-----------------A-A----T---G---C---T---A--GT--T--T-G--------T--A---TCCT-
uc.389              	TAATTG---G--G----G-A-A--G--A--T--------G----T---T-T----T---A---A---G---T--AT--G--T-A--------A--T---TAAA-
uc.394              	TAAATACTTT--T----G-G-A--A--A--A--------T----A---A-G----T---G---G---A---A--AT--T--T-G-------CT--G---CAAA-
uc.399              	TTAGAG---T--T----A-A-A--TTAA--A--------T----C---A-A----T---G---T---A---A--TG--T--T-T--------A--G---AAAA-
uc.401              	-AAGTA---T--T----G-C-A--T--G--C--------T----T---GCA----T---G---A---A---T--AT-CT--T-T--------C--A---TTTA-
uc.407              	--ATTG---T--G----A-A-G--A--A--T--------C----T---A-A----T---A---T---G---G--AT--A--T-A--------T--T---TGA--
uc.411              	TTCTGG---T--T----G-A-T--G--A--T--------T----T---A-C----T---G---C---A---A--AA--T--T-G------CTT--A---TAAA-
uc.413              	---ATG---C--C----G-A----T--C--T--------T----T---G-A----T---G---C---T---C--ATGCT--C-A--------T--A---TTAA-
uc.415              	TCTTAA---T--T----A-A-A--T--C--C--------T----T---T-A----A---C---A---G---A--TT--T--T-A--------A--T---CACT-
uc.416              	----TG---C--T----T-C-A--C--G--A--------T----T---T-A----T---G---A---T---G--TA--T--T-A--------A--T---GAAT-
uc.421              	---ATG---G--A----T-T-A--T--G--T--------A----T---C-T----T---G---C---A---G--CC--T--C-T--------A--A---TAAA-
uc.426              	------------T----G-C-A--T--A--G--------C----A---A-C----T---G---T---A---G--AA--A--T-C--------A--A---CAAA-
uc.427              	-AACCG---T--C----A-G-A--T--C--T--------T----A---C-C----T---G---A---A---A--CA--T--T-G--------A--A---GCAC-
uc.428              	-AACCG---T--C----A-A-G--T--T-----------T----T---A-G----T---G---C---G---C--AT--T-GC-T--------A--A---TTAG-
uc.430              	TAATTA---C--T----G-C-A--A--C--A--------T----C---A-A----A---G---T---A---T--TTCTA--T-A--------A--A---TTAT-
uc.433              	-ACCTG---T-CT----T-A-A--T--T--A--------C----A---G-A----G---G---T---A---A--AA--T--G-A--------G--A---TATA-
uc.51               	TACATT---T--A----T-A-A--T--T--A--------T----T---A-A----A---G---T---T---A--AT--T--A-T--------G--A---TGCT-
uc.71               	-AAGTG---A--T----A-C-A--T--T--C--------C----A---T-A----A---G---A---C---A--TT--T--T-A--------A--A---AATG-

SOP score is 337005

================
